<?xml version="1.0" encoding="UTF-8"?>
<!-- Generated by org.testng.reporters.JUnitReportReporter -->
<testsuite hostname="DESKTOP-C9H20OP" name="guruBank_Test.NewTest" tests="2" failures="0" timestamp="17 Mar 2018 18:47:28 GMT" time="12.364" errors="0">
  <testcase name="Website_Page" time="9.323" classname="guruBank_Test.NewTest"/>
  <testcase name="Login" time="3.041" classname="guruBank_Test.NewTest"/>
</testsuite> <!-- guruBank_Test.NewTest -->
