<?xml version="1.0" encoding="UTF-8"?>
<!-- Generated by org.testng.reporters.JUnitReportReporter -->
<testsuite hostname="DESKTOP-C9H20OP" name="guruBank_Test.NewTest" tests="2" failures="0" timestamp="2 Mar 2018 06:20:39 GMT" time="13.596" errors="0">
  <testcase name="Login" time="6.816" classname="guruBank_Test.NewTest"/>
  <testcase name="Website_Page" time="6.780" classname="guruBank_Test.NewTest"/>
</testsuite> <!-- guruBank_Test.NewTest -->
