<?xml version="1.0" encoding="UTF-8"?>
<!-- Generated by org.testng.reporters.JUnitReportReporter -->
<testsuite hostname="DESKTOP-C9H20OP" name="Demo.NewTest" tests="2" failures="0" timestamp="24 Feb 2018 14:03:07 GMT" time="17.553" errors="0">
  <testcase name="TestPrint" time="0.006" classname="Demo.NewTest"/>
  <testcase name="testEasy" time="17.547" classname="Demo.NewTest"/>
</testsuite> <!-- Demo.NewTest -->
