<?xml version="1.0" encoding="UTF-8"?>
<!-- Generated by org.testng.reporters.JUnitReportReporter -->
<testsuite hostname="DESKTOP-C9H20OP" name="guruBank_Test.NewTest" tests="2" failures="0" timestamp="6 Mar 2018 17:35:14 GMT" time="35.127" errors="0">
  <testcase name="Login" time="19.486" classname="guruBank_Test.NewTest"/>
  <testcase name="Website_Page" time="15.641" classname="guruBank_Test.NewTest"/>
</testsuite> <!-- guruBank_Test.NewTest -->
