<?xml version="1.0" encoding="UTF-8"?>
<!-- Generated by org.testng.reporters.JUnitReportReporter -->
<testsuite hostname="DESKTOP-C9H20OP" name="Demo.NewTest" tests="2" failures="0" timestamp="25 Feb 2018 18:50:27 GMT" time="13.752" errors="0">
  <testcase name="Login" time="5.067" classname="Demo.NewTest"/>
  <testcase name="Website_Page" time="8.685" classname="Demo.NewTest"/>
</testsuite> <!-- Demo.NewTest -->
