<?xml version="1.0" encoding="UTF-8"?>
<!-- Generated by org.testng.reporters.JUnitReportReporter -->
<testsuite hostname="DESKTOP-C9H20OP" name="Demo.NewTest" tests="1" failures="0" timestamp="23 Feb 2018 19:50:17 GMT" time="9.175" errors="0">
  <testcase name="testEasy" time="9.175" classname="Demo.NewTest"/>
</testsuite> <!-- Demo.NewTest -->
