<?xml version="1.0" encoding="UTF-8"?>
<!-- Generated by org.testng.reporters.JUnitReportReporter -->
<testsuite hostname="DESKTOP-C9H20OP" name="guruBank_Test.NewTest" tests="2" failures="0" timestamp="3 Mar 2018 12:09:12 GMT" time="17.598" errors="0">
  <testcase name="Login" time="8.154" classname="guruBank_Test.NewTest"/>
  <testcase name="Website_Page" time="9.444" classname="guruBank_Test.NewTest"/>
</testsuite> <!-- guruBank_Test.NewTest -->
