<?xml version="1.0" encoding="UTF-8"?>
<!-- Generated by org.testng.reporters.JUnitReportReporter -->
<testsuite hostname="DESKTOP-C9H20OP" name="Demo.NewTest" tests="2" failures="0" timestamp="26 Feb 2018 22:01:52 GMT" time="13.018" errors="0">
  <testcase name="Login" time="6.715" classname="Demo.NewTest"/>
  <testcase name="Website_Page" time="6.303" classname="Demo.NewTest"/>
</testsuite> <!-- Demo.NewTest -->
